[2025-07-04 10:26:56.062 WRN] [WorklistServiceApp.Services.PdfMonitoringService] ⚠️ No matching worklist item found for PatientID: Pat001751426668
[2025-07-04 10:26:56.066 WRN] [WorklistServiceApp.Services.PdfMonitoringService] 📁 Moved unmatched PDF to: C:\Schiller\SchillerServers\_Data\Export\UnmatchedPDFs\20250704_102656_20250702_102428_Pat001751426668.pdf (Reason: No worklist found for PatientID: Pat001751426668)
[2025-07-04 10:26:56.882 WRN] [WorklistServiceApp.Services.PdfMonitoringService] ⚠️ No matching worklist item found for PatientID: Pat001751423068
[2025-07-04 10:26:56.883 WRN] [WorklistServiceApp.Services.PdfMonitoringService] 📁 Moved unmatched PDF to: C:\Schiller\SchillerServers\_Data\Export\UnmatchedPDFs\20250704_102656_20250702_092428_Pat001751423068.pdf (Reason: No worklist found for PatientID: Pat001751423068)
[2025-07-04 10:26:57.656 WRN] [WorklistServiceApp.Services.PdfMonitoringService] ⚠️ No matching worklist item found for PatientID: Pat001751419468
[2025-07-04 10:26:57.658 WRN] [WorklistServiceApp.Services.PdfMonitoringService] 📁 Moved unmatched PDF to: C:\Schiller\SchillerServers\_Data\Export\UnmatchedPDFs\20250704_102657_20250702_082428_Pat001751419468.pdf (Reason: No worklist found for PatientID: Pat001751419468)
[2025-07-04 10:26:58.101 WRN] [WorklistServiceApp.Services.PdfMonitoringService] ⚠️ No matching worklist item found for PatientID: 888
[2025-07-04 10:26:58.102 WRN] [WorklistServiceApp.Services.PdfMonitoringService] 📁 Moved unmatched PDF to: C:\Schiller\SchillerServers\_Data\Export\UnmatchedPDFs\20250704_102658_20250704_102150_888.pdf (Reason: No worklist found for PatientID: 888)
[2025-07-04 10:26:59.385 WRN] [WorklistServiceApp.Services.PdfMonitoringService] ⚠️ No matching worklist item found for PatientID: 888
[2025-07-04 10:26:59.386 WRN] [WorklistServiceApp.Services.PdfMonitoringService] 📁 Moved unmatched PDF to: C:\Schiller\SchillerServers\_Data\Export\UnmatchedPDFs\20250704_102659_20250704_101800_888.pdf (Reason: No worklist found for PatientID: 888)
[2025-07-04 13:48:53.167 WRN] [WorklistServiceApp.Services.PdfMonitoringService] ⚠️ No matching worklist item found for PatientID: 888
[2025-07-04 13:48:53.171 WRN] [WorklistServiceApp.Services.PdfMonitoringService] 📁 Moved unmatched PDF to: C:\Schiller\SchillerServers\_Data\Export\UnmatchedPDFs\20250704_134853_20250704_134807_888.pdf (Reason: No worklist found for PatientID: 888)
[2025-07-04 14:19:50.796 ERR] [WorklistServiceApp.Services.WorklistSyncService] ❌ Failed to retrieve worklist from DICOM server
FellowOakDicom.DicomValidationException: Content "20250704" does not validate VR TM: value does not mach pattern HH or HHMM or HHMMSS or HHMMSS.F{1-6}
   at FellowOakDicom.DicomValidation.ValidateTM(String content)
   at FellowOakDicom.DicomVR.ValidateString(String content)
   at System.Collections.Generic.List`1.ForEach(Action`1 action)
   at FellowOakDicom.DicomMultiStringElement.ValidateString()
   at FellowOakDicom.DicomElement.Validate()
   at FellowOakDicom.DicomDataset.DoAdd(DicomItem item, Boolean allowUpdate)
   at FellowOakDicom.DicomDataset.DoAdd[T](DicomVR vr, DicomTag tag, IList`1 values, Boolean allowUpdate)
   at FellowOakDicom.DicomDataset.DoAdd[T](DicomTag tag, IList`1 values, Boolean allowUpdate)
   at FellowOakDicom.DicomDataset.AddOrUpdate[T](DicomTag tag, T[] values)
   at WorklistServiceApp.Services.WorklistSyncService.GetMockWorklistData() in D:\Project\idspacsgateway\Service\WorklistSyncService.cs:line 246
   at WorklistServiceApp.Services.WorklistSyncService.GetWorklistFromDicomServer() in D:\Project\idspacsgateway\Service\WorklistSyncService.cs:line 159
[2025-07-04 14:19:50.855 ERR] [WorklistServiceApp.Services.WorklistSyncService] ❌ Error during worklist synchronization
FellowOakDicom.DicomValidationException: Content "20250704" does not validate VR TM: value does not mach pattern HH or HHMM or HHMMSS or HHMMSS.F{1-6}
   at FellowOakDicom.DicomValidation.ValidateTM(String content)
   at FellowOakDicom.DicomVR.ValidateString(String content)
   at System.Collections.Generic.List`1.ForEach(Action`1 action)
   at FellowOakDicom.DicomMultiStringElement.ValidateString()
   at FellowOakDicom.DicomElement.Validate()
   at FellowOakDicom.DicomDataset.DoAdd(DicomItem item, Boolean allowUpdate)
   at FellowOakDicom.DicomDataset.DoAdd[T](DicomVR vr, DicomTag tag, IList`1 values, Boolean allowUpdate)
   at FellowOakDicom.DicomDataset.DoAdd[T](DicomTag tag, IList`1 values, Boolean allowUpdate)
   at FellowOakDicom.DicomDataset.AddOrUpdate[T](DicomTag tag, T[] values)
   at WorklistServiceApp.Services.WorklistSyncService.GetMockWorklistData() in D:\Project\idspacsgateway\Service\WorklistSyncService.cs:line 246
   at WorklistServiceApp.Services.WorklistSyncService.GetWorklistFromDicomServer() in D:\Project\idspacsgateway\Service\WorklistSyncService.cs:line 159
   at WorklistServiceApp.Services.WorklistSyncService.PerformWorklistSync() in D:\Project\idspacsgateway\Service\WorklistSyncService.cs:line 93
[2025-07-04 14:19:50.879 ERR] [WorklistServiceApp.Services.WorklistSyncService] ❌ Failed to retrieve worklist from DICOM server
FellowOakDicom.DicomValidationException: Content "20250704" does not validate VR TM: value does not mach pattern HH or HHMM or HHMMSS or HHMMSS.F{1-6}
   at FellowOakDicom.DicomValidation.ValidateTM(String content)
   at FellowOakDicom.DicomVR.ValidateString(String content)
   at System.Collections.Generic.List`1.ForEach(Action`1 action)
   at FellowOakDicom.DicomMultiStringElement.ValidateString()
   at FellowOakDicom.DicomElement.Validate()
   at FellowOakDicom.DicomDataset.DoAdd(DicomItem item, Boolean allowUpdate)
   at FellowOakDicom.DicomDataset.DoAdd[T](DicomVR vr, DicomTag tag, IList`1 values, Boolean allowUpdate)
   at FellowOakDicom.DicomDataset.DoAdd[T](DicomTag tag, IList`1 values, Boolean allowUpdate)
   at FellowOakDicom.DicomDataset.AddOrUpdate[T](DicomTag tag, T[] values)
   at WorklistServiceApp.Services.WorklistSyncService.GetMockWorklistData() in D:\Project\idspacsgateway\Service\WorklistSyncService.cs:line 246
   at WorklistServiceApp.Services.WorklistSyncService.GetWorklistFromDicomServer() in D:\Project\idspacsgateway\Service\WorklistSyncService.cs:line 159
[2025-07-04 14:19:50.899 ERR] [WorklistServiceApp.Services.WorklistSyncService] ❌ Error during worklist synchronization
FellowOakDicom.DicomValidationException: Content "20250704" does not validate VR TM: value does not mach pattern HH or HHMM or HHMMSS or HHMMSS.F{1-6}
   at FellowOakDicom.DicomValidation.ValidateTM(String content)
   at FellowOakDicom.DicomVR.ValidateString(String content)
   at System.Collections.Generic.List`1.ForEach(Action`1 action)
   at FellowOakDicom.DicomMultiStringElement.ValidateString()
   at FellowOakDicom.DicomElement.Validate()
   at FellowOakDicom.DicomDataset.DoAdd(DicomItem item, Boolean allowUpdate)
   at FellowOakDicom.DicomDataset.DoAdd[T](DicomVR vr, DicomTag tag, IList`1 values, Boolean allowUpdate)
   at FellowOakDicom.DicomDataset.DoAdd[T](DicomTag tag, IList`1 values, Boolean allowUpdate)
   at FellowOakDicom.DicomDataset.AddOrUpdate[T](DicomTag tag, T[] values)
   at WorklistServiceApp.Services.WorklistSyncService.GetMockWorklistData() in D:\Project\idspacsgateway\Service\WorklistSyncService.cs:line 246
   at WorklistServiceApp.Services.WorklistSyncService.GetWorklistFromDicomServer() in D:\Project\idspacsgateway\Service\WorklistSyncService.cs:line 159
   at WorklistServiceApp.Services.WorklistSyncService.PerformWorklistSync() in D:\Project\idspacsgateway\Service\WorklistSyncService.cs:line 93
[2025-07-04 14:20:29.886 ERR] [WorklistServiceApp.Services.WorklistSyncService] ❌ Failed to retrieve worklist from DICOM server
FellowOakDicom.DicomValidationException: Content "20250704" does not validate VR TM: value does not mach pattern HH or HHMM or HHMMSS or HHMMSS.F{1-6}
   at FellowOakDicom.DicomValidation.ValidateTM(String content)
   at FellowOakDicom.DicomVR.ValidateString(String content)
   at System.Collections.Generic.List`1.ForEach(Action`1 action)
   at FellowOakDicom.DicomMultiStringElement.ValidateString()
   at FellowOakDicom.DicomElement.Validate()
   at FellowOakDicom.DicomDataset.DoAdd(DicomItem item, Boolean allowUpdate)
   at FellowOakDicom.DicomDataset.DoAdd[T](DicomVR vr, DicomTag tag, IList`1 values, Boolean allowUpdate)
   at FellowOakDicom.DicomDataset.DoAdd[T](DicomTag tag, IList`1 values, Boolean allowUpdate)
   at FellowOakDicom.DicomDataset.AddOrUpdate[T](DicomTag tag, T[] values)
   at WorklistServiceApp.Services.WorklistSyncService.GetMockWorklistData() in D:\Project\idspacsgateway\Service\WorklistSyncService.cs:line 246
   at WorklistServiceApp.Services.WorklistSyncService.GetWorklistFromDicomServer() in D:\Project\idspacsgateway\Service\WorklistSyncService.cs:line 159
[2025-07-04 14:20:29.932 ERR] [WorklistServiceApp.Services.WorklistSyncService] ❌ Error during worklist synchronization
FellowOakDicom.DicomValidationException: Content "20250704" does not validate VR TM: value does not mach pattern HH or HHMM or HHMMSS or HHMMSS.F{1-6}
   at FellowOakDicom.DicomValidation.ValidateTM(String content)
   at FellowOakDicom.DicomVR.ValidateString(String content)
   at System.Collections.Generic.List`1.ForEach(Action`1 action)
   at FellowOakDicom.DicomMultiStringElement.ValidateString()
   at FellowOakDicom.DicomElement.Validate()
   at FellowOakDicom.DicomDataset.DoAdd(DicomItem item, Boolean allowUpdate)
   at FellowOakDicom.DicomDataset.DoAdd[T](DicomVR vr, DicomTag tag, IList`1 values, Boolean allowUpdate)
   at FellowOakDicom.DicomDataset.DoAdd[T](DicomTag tag, IList`1 values, Boolean allowUpdate)
   at FellowOakDicom.DicomDataset.AddOrUpdate[T](DicomTag tag, T[] values)
   at WorklistServiceApp.Services.WorklistSyncService.GetMockWorklistData() in D:\Project\idspacsgateway\Service\WorklistSyncService.cs:line 246
   at WorklistServiceApp.Services.WorklistSyncService.GetWorklistFromDicomServer() in D:\Project\idspacsgateway\Service\WorklistSyncService.cs:line 159
   at WorklistServiceApp.Services.WorklistSyncService.PerformWorklistSync() in D:\Project\idspacsgateway\Service\WorklistSyncService.cs:line 93
[2025-07-04 14:20:29.959 ERR] [WorklistServiceApp.Services.WorklistSyncService] ❌ Failed to retrieve worklist from DICOM server
FellowOakDicom.DicomValidationException: Content "20250704" does not validate VR TM: value does not mach pattern HH or HHMM or HHMMSS or HHMMSS.F{1-6}
   at FellowOakDicom.DicomValidation.ValidateTM(String content)
   at FellowOakDicom.DicomVR.ValidateString(String content)
   at System.Collections.Generic.List`1.ForEach(Action`1 action)
   at FellowOakDicom.DicomMultiStringElement.ValidateString()
   at FellowOakDicom.DicomElement.Validate()
   at FellowOakDicom.DicomDataset.DoAdd(DicomItem item, Boolean allowUpdate)
   at FellowOakDicom.DicomDataset.DoAdd[T](DicomVR vr, DicomTag tag, IList`1 values, Boolean allowUpdate)
   at FellowOakDicom.DicomDataset.DoAdd[T](DicomTag tag, IList`1 values, Boolean allowUpdate)
   at FellowOakDicom.DicomDataset.AddOrUpdate[T](DicomTag tag, T[] values)
   at WorklistServiceApp.Services.WorklistSyncService.GetMockWorklistData() in D:\Project\idspacsgateway\Service\WorklistSyncService.cs:line 246
   at WorklistServiceApp.Services.WorklistSyncService.GetWorklistFromDicomServer() in D:\Project\idspacsgateway\Service\WorklistSyncService.cs:line 159
[2025-07-04 14:20:29.980 ERR] [WorklistServiceApp.Services.WorklistSyncService] ❌ Error during worklist synchronization
FellowOakDicom.DicomValidationException: Content "20250704" does not validate VR TM: value does not mach pattern HH or HHMM or HHMMSS or HHMMSS.F{1-6}
   at FellowOakDicom.DicomValidation.ValidateTM(String content)
   at FellowOakDicom.DicomVR.ValidateString(String content)
   at System.Collections.Generic.List`1.ForEach(Action`1 action)
   at FellowOakDicom.DicomMultiStringElement.ValidateString()
   at FellowOakDicom.DicomElement.Validate()
   at FellowOakDicom.DicomDataset.DoAdd(DicomItem item, Boolean allowUpdate)
   at FellowOakDicom.DicomDataset.DoAdd[T](DicomVR vr, DicomTag tag, IList`1 values, Boolean allowUpdate)
   at FellowOakDicom.DicomDataset.DoAdd[T](DicomTag tag, IList`1 values, Boolean allowUpdate)
   at FellowOakDicom.DicomDataset.AddOrUpdate[T](DicomTag tag, T[] values)
   at WorklistServiceApp.Services.WorklistSyncService.GetMockWorklistData() in D:\Project\idspacsgateway\Service\WorklistSyncService.cs:line 246
   at WorklistServiceApp.Services.WorklistSyncService.GetWorklistFromDicomServer() in D:\Project\idspacsgateway\Service\WorklistSyncService.cs:line 159
   at WorklistServiceApp.Services.WorklistSyncService.PerformWorklistSync() in D:\Project\idspacsgateway\Service\WorklistSyncService.cs:line 93
[2025-07-04 14:58:07.021 WRN] [WorklistServiceApp.Services.DicomCreationService] ❓ No worklist item found for HN: 999 (File: 999_11395391_20250704_142211.jpg)
[2025-07-04 14:58:10.031 WRN] [WorklistServiceApp.Services.PdfMonitoringService] ⚠️ Duplicate PDF file detected: C:\Schiller\SchillerServers\_Data\Export\PDF\20250704_142118_999.pdf
[2025-07-04 14:58:10.033 WRN] [WorklistServiceApp.Services.PdfMonitoringService] 📁 Moved unmatched PDF to: C:\Schiller\SchillerServers\_Data\Export\UnmatchedPDFs\20250704_145810_20250704_142118_999.pdf (Reason: Duplicate file detected)
